<?xml version="1.0" encoding="UTF-8"?>
<testng-results ignored="0" total="3" passed="3" failed="0" skipped="0">
  <reporter-output>
  </reporter-output>
  <suite started-at="2021-12-29T16:24:53 IST" name="Default suite" finished-at="2021-12-29T16:24:54 IST" duration-ms="797">
    <groups>
      <group name="cucumber">
        <method signature="AbstractTestNGCucumberTests.runScenario(io.cucumber.testng.PickleWrapper,io.cucumber.testng.FeatureWrapper)[pri:0, instance:exam.TestRunner@3e84448c]" name="runScenario" class="io.cucumber.testng.AbstractTestNGCucumberTests"/>
      </group> <!-- cucumber -->
    </groups>
    <test started-at="2021-12-29T16:24:53 IST" name="Default test" finished-at="2021-12-29T16:24:54 IST" duration-ms="797">
      <class name="exam.TestRunner">
        <test-method is-config="true" signature="setUpClass(org.testng.ITestContext)[pri:0, instance:exam.TestRunner@3e84448c]" started-at="2021-12-29T16:24:53 IST" name="setUpClass" finished-at="2021-12-29T16:24:54 IST" duration-ms="483" status="PASS">
          <params>
            <param index="0">
              <value>
                <![CDATA[org.testng.TestRunner@2bef51f2]]>
              </value>
            </param>
          </params>
          <reporter-output>
          </reporter-output>
        </test-method> <!-- setUpClass -->
        <test-method signature="runScenario(io.cucumber.testng.PickleWrapper,io.cucumber.testng.FeatureWrapper)[pri:0, instance:exam.TestRunner@3e84448c]" started-at="2021-12-29T16:24:54 IST" name="runScenario" description="Runs Cucumber Scenarios" data-provider="scenarios" finished-at="2021-12-29T16:24:54 IST" duration-ms="203" status="PASS">
          <params>
            <param index="0">
              <value>
                <![CDATA["Opening Google.com in browser"]]>
              </value>
            </param>
            <param index="1">
              <value>
                <![CDATA["Optional[Example of cucumber]"]]>
              </value>
            </param>
          </params>
          <reporter-output>
          </reporter-output>
        </test-method> <!-- runScenario -->
        <test-method signature="runScenario(io.cucumber.testng.PickleWrapper,io.cucumber.testng.FeatureWrapper)[pri:0, instance:exam.TestRunner@3e84448c]" started-at="2021-12-29T16:24:54 IST" name="runScenario" description="Runs Cucumber Scenarios" data-provider="scenarios" finished-at="2021-12-29T16:24:54 IST" duration-ms="9" status="PASS">
          <params>
            <param index="0">
              <value>
                <![CDATA["Opening Google.com in browser"]]>
              </value>
            </param>
            <param index="1">
              <value>
                <![CDATA["Optional[Example of cucumber]"]]>
              </value>
            </param>
          </params>
          <reporter-output>
          </reporter-output>
        </test-method> <!-- runScenario -->
        <test-method signature="runScenario(io.cucumber.testng.PickleWrapper,io.cucumber.testng.FeatureWrapper)[pri:0, instance:exam.TestRunner@3e84448c]" started-at="2021-12-29T16:24:54 IST" name="runScenario" description="Runs Cucumber Scenarios" data-provider="scenarios" finished-at="2021-12-29T16:24:54 IST" duration-ms="11" status="PASS">
          <params>
            <param index="0">
              <value>
                <![CDATA["Opening Google.com in browser"]]>
              </value>
            </param>
            <param index="1">
              <value>
                <![CDATA["Optional[Example of cucumber]"]]>
              </value>
            </param>
          </params>
          <reporter-output>
          </reporter-output>
        </test-method> <!-- runScenario -->
        <test-method is-config="true" signature="tearDownClass()[pri:0, instance:exam.TestRunner@3e84448c]" started-at="2021-12-29T16:24:54 IST" name="tearDownClass" finished-at="2021-12-29T16:24:54 IST" duration-ms="22" status="PASS">
          <reporter-output>
          </reporter-output>
        </test-method> <!-- tearDownClass -->
      </class> <!-- exam.TestRunner -->
    </test> <!-- Default test -->
  </suite> <!-- Default suite -->
</testng-results>
